@Login
Feature: Login
8  Test successfully and unsuccessfully login and logout

  @SmokeTest @Logout
n  Scenario Outline: Users should be able to login using valid credentials [90m# features/login.feature:9[0m
O    [36mWhen [0m[36mI login as "<User Name>" with password "<Password>"[0m
7    [36mThen [0m[36mI should login successfully[0m

    Examples: Short pass
!Initialize the page transporter

G  Background:                      [90m# features/login.feature:5[0m
a    [32mGiven [0m[32mI navigate to Login page[0m [90m# LoginSteps.navigateToLoginPage()[0m
UTake Screenshot for scenario: Users should be able to login using valid credentials
entra
After hook @Login
H[31mFailure in after hook:[0m[31mLoginSteps.afterLoginScenario()[0m
„[31mMessage: [0m[31morg.openqa.selenium.TimeoutException: Expected condition failed: waiting for visibility of Proxy element for: DefaultElementLocator 'By.id: Login' (tried for 20 second(s) with 500 MILLISECONDS interval)
Z	at org.openqa.selenium.support.ui.WebDriverWait.timeoutException(WebDriverWait.java:80)
J	at org.openqa.selenium.support.ui.FluentWait.until(FluentWait.java:232)
Y	at com.jalasoft.sfdc.ui.pages.LoginPage.waitUntilPageObjectIsLoaded(LoginPage.java:35)
<	at com.jalasoft.sfdc.ui.BasePage.<init>(BasePage.java:38)
D	at com.jalasoft.sfdc.ui.pages.LoginPage.<init>(LoginPage.java:16)
E	at com.jalasoft.sfdc.ui.components.TopMenu.logout(TopMenu.java:22)
P	at com.jalasoft.sfdc.steps.LoginSteps.afterLoginScenario(LoginSteps.java:132)
A	at sun.reflect.NativeMethodAccessorImpl.invoke0(Native Method)
S	at sun.reflect.NativeMethodAccessorImpl.invoke(NativeMethodAccessorImpl.java:62)
[	at sun.reflect.DelegatingMethodAccessorImpl.invoke(DelegatingMethodAccessorImpl.java:43)
6	at java.lang.reflect.Method.invoke(Method.java:498)
2	at cucumber.runtime.Utils$1.call(Utils.java:40)
7	at cucumber.runtime.Timeout.timeout(Timeout.java:16)
2	at cucumber.runtime.Utils.invoke(Utils.java:34)
R	at cucumber.runtime.java.JavaHookDefinition.execute(JavaHookDefinition.java:60)
C	at cucumber.runtime.Runtime.runHookIfTagsMatch(Runtime.java:224)
9	at cucumber.runtime.Runtime.runHooks(Runtime.java:212)
>	at cucumber.runtime.Runtime.runAfterHooks(Runtime.java:206)
K	at cucumber.runtime.model.CucumberScenario.run(CucumberScenario.java:46)
Y	at cucumber.runtime.model.CucumberScenarioOutline.run(CucumberScenarioOutline.java:46)
J	at cucumber.runtime.model.CucumberFeature.run(CucumberFeature.java:165)
X	at cucumber.api.testng.TestNGCucumberRunner.runCucumber(TestNGCucumberRunner.java:63)
b	at cucumber.api.testng.AbstractTestNGCucumberTests.feature(AbstractTestNGCucumberTests.java:21)
A	at sun.reflect.NativeMethodAccessorImpl.invoke0(Native Method)
S	at sun.reflect.NativeMethodAccessorImpl.invoke(NativeMethodAccessorImpl.java:62)
[	at sun.reflect.DelegatingMethodAccessorImpl.invoke(DelegatingMethodAccessorImpl.java:43)
6	at java.lang.reflect.Method.invoke(Method.java:498)
]	at org.testng.internal.MethodInvocationHelper.invokeMethod(MethodInvocationHelper.java:86)
@	at org.testng.internal.Invoker.invokeMethod(Invoker.java:643)
D	at org.testng.internal.Invoker.invokeTestMethod(Invoker.java:820)
F	at org.testng.internal.Invoker.invokeTestMethods(Invoker.java:1128)
W	at org.testng.internal.TestMethodWorker.invokeTestMethods(TestMethodWorker.java:129)
I	at org.testng.internal.TestMethodWorker.run(TestMethodWorker.java:112)
;	at org.testng.TestRunner.privateRun(TestRunner.java:782)
4	at org.testng.TestRunner.run(TestRunner.java:632)
:	at org.testng.SuiteRunner.runTest(SuiteRunner.java:366)
B	at org.testng.SuiteRunner.runSequentially(SuiteRunner.java:361)
=	at org.testng.SuiteRunner.privateRun(SuiteRunner.java:319)
6	at org.testng.SuiteRunner.run(SuiteRunner.java:268)
F	at org.testng.SuiteRunnerWorker.runSuite(SuiteRunnerWorker.java:52)
A	at org.testng.SuiteRunnerWorker.run(SuiteRunnerWorker.java:86)
?	at org.testng.TestNG.runSuitesSequentially(TestNG.java:1244)
:	at org.testng.TestNG.runSuitesLocally(TestNG.java:1169)
-	at org.testng.TestNG.run(TestNG.java:1064)
w	at org.gradle.api.internal.tasks.testing.testng.TestNGTestClassProcessor.runTests(TestNGTestClassProcessor.java:139)
r	at org.gradle.api.internal.tasks.testing.testng.TestNGTestClassProcessor.stop(TestNGTestClassProcessor.java:89)
i	at org.gradle.api.internal.tasks.testing.SuiteTestClassProcessor.stop(SuiteTestClassProcessor.java:61)
A	at sun.reflect.NativeMethodAccessorImpl.invoke0(Native Method)
S	at sun.reflect.NativeMethodAccessorImpl.invoke(NativeMethodAccessorImpl.java:62)
[	at sun.reflect.DelegatingMethodAccessorImpl.invoke(DelegatingMethodAccessorImpl.java:43)
6	at java.lang.reflect.Method.invoke(Method.java:498)
Z	at org.gradle.internal.dispatch.ReflectionDispatch.dispatch(ReflectionDispatch.java:35)
Z	at org.gradle.internal.dispatch.ReflectionDispatch.dispatch(ReflectionDispatch.java:24)
j	at org.gradle.internal.dispatch.ContextClassLoaderDispatch.dispatch(ContextClassLoaderDispatch.java:32)
y	at org.gradle.internal.dispatch.ProxyDispatchAdapter$DispatchingInvocationHandler.invoke(ProxyDispatchAdapter.java:93)
0	at com.sun.proxy.$Proxy1.stop(Unknown Source)
W	at org.gradle.api.internal.tasks.testing.worker.TestWorker.stop(TestWorker.java:123)
A	at sun.reflect.NativeMethodAccessorImpl.invoke0(Native Method)
S	at sun.reflect.NativeMethodAccessorImpl.invoke(NativeMethodAccessorImpl.java:62)
[	at sun.reflect.DelegatingMethodAccessorImpl.invoke(DelegatingMethodAccessorImpl.java:43)
6	at java.lang.reflect.Method.invoke(Method.java:498)
Z	at org.gradle.internal.dispatch.ReflectionDispatch.dispatch(ReflectionDispatch.java:35)
Z	at org.gradle.internal.dispatch.ReflectionDispatch.dispatch(ReflectionDispatch.java:24)
í	at org.gradle.internal.remote.internal.hub.MessageHubBackedObjectConnection$DispatchWrapper.dispatch(MessageHubBackedObjectConnection.java:155)
í	at org.gradle.internal.remote.internal.hub.MessageHubBackedObjectConnection$DispatchWrapper.dispatch(MessageHubBackedObjectConnection.java:137)
Y	at org.gradle.internal.remote.internal.hub.MessageHub$Handler.run(MessageHub.java:404)
l	at org.gradle.internal.concurrent.ExecutorPolicy$CatchAndRecordFailures.onExecute(ExecutorPolicy.java:63)
[	at org.gradle.internal.concurrent.ManagedExecutorImpl$1.run(ManagedExecutorImpl.java:46)
U	at java.util.concurrent.ThreadPoolExecutor.runWorker(ThreadPoolExecutor.java:1149)
U	at java.util.concurrent.ThreadPoolExecutor$Worker.run(ThreadPoolExecutor.java:624)
k	at org.gradle.internal.concurrent.ThreadFactoryImpl$ManagedThreadRunnable.run(ThreadFactoryImpl.java:55)
+	at java.lang.Thread.run(Thread.java:748)
ÖCaused by: org.openqa.selenium.NoSuchElementException: no such element: Unable to locate element: {"method":"id","selector":"Login"}
'  (Session info: chrome=68.0.3440.106)
º  (Driver info: chromedriver=2.41.578737 (49da6702b16031c40d63e5618de03a32ff6c197e),platform=Windows NT 10.0.14393 x86_64) (WARNING: The server did not provide any stacktrace information)
,Command duration or timeout: 0 milliseconds
eFor documentation on this error, please visit: http://seleniumhq.org/exceptions/no_such_element.html
WBuild info: version: '3.5.3', revision: 'a88d25fe6b', time: '2017-08-29T12:42:44.417Z'
íSystem info: host: 'CODING1', ip: '10.28.138.80', os.name: 'Windows Server 2016', os.arch: 'amd64', os.version: '10.0', java.version: '1.8.0_171'
5Driver info: org.openqa.selenium.chrome.ChromeDriver
¥Capabilities [{mobileEmulationEnabled=false, hasTouchScreen=false, platform=XP, acceptSslCerts=false, goog:chromeOptions={debuggerAddress=localhost:59548}, acceptInsecureCerts=false, webStorageEnabled=true, browserName=chrome, takesScreenshot=true, javascriptEnabled=true, platformName=XP, setWindowRect=true, unexpectedAlertBehaviour=, applicationCacheEnabled=false, rotatable=false, networkConnectionEnabled=false, chrome={chromedriverVersion=2.41.578737 (49da6702b16031c40d63e5618de03a32ff6c197e), userDataDir=C:\Users\Admin\AppData\Local\Temp\2\scoped_dir10576_7903}, takesHeapSnapshot=true, unhandledPromptBehavior=, pageLoadStrategy=normal, databaseEnabled=false, handlesAlerts=true, version=68.0.3440.106, browserConnectionEnabled=false, nativeEvents=true, locationContextEnabled=true, cssSelectorsEnabled=true}]
-Session ID: b01b885e410ec77277fd4184b79a4631
+*** Element info: {Using=id, value=Login}
K	at sun.reflect.NativeConstructorAccessorImpl.newInstance0(Native Method)
b	at sun.reflect.NativeConstructorAccessorImpl.newInstance(NativeConstructorAccessorImpl.java:62)
j	at sun.reflect.DelegatingConstructorAccessorImpl.newInstance(DelegatingConstructorAccessorImpl.java:45)
E	at java.lang.reflect.Constructor.newInstance(Constructor.java:423)
T	at org.openqa.selenium.remote.ErrorHandler.createThrowable(ErrorHandler.java:215)
Z	at org.openqa.selenium.remote.ErrorHandler.throwIfResponseFailed(ErrorHandler.java:167)
k	at org.openqa.selenium.remote.http.JsonHttpResponseCodec.reconstructValue(JsonHttpResponseCodec.java:40)
i	at org.openqa.selenium.remote.http.AbstractHttpResponseCodec.decode(AbstractHttpResponseCodec.java:82)
i	at org.openqa.selenium.remote.http.AbstractHttpResponseCodec.decode(AbstractHttpResponseCodec.java:45)
Z	at org.openqa.selenium.remote.HttpCommandExecutor.execute(HttpCommandExecutor.java:164)
e	at org.openqa.selenium.remote.service.DriverCommandExecutor.execute(DriverCommandExecutor.java:82)
R	at org.openqa.selenium.remote.RemoteWebDriver.execute(RemoteWebDriver.java:646)
V	at org.openqa.selenium.remote.RemoteWebDriver.findElement(RemoteWebDriver.java:416)
Z	at org.openqa.selenium.remote.RemoteWebDriver.findElementById(RemoteWebDriver.java:462)
:	at org.openqa.selenium.By$ById.findElement(By.java:218)
V	at org.openqa.selenium.remote.RemoteWebDriver.findElement(RemoteWebDriver.java:408)
n	at org.openqa.selenium.support.pagefactory.DefaultElementLocator.findElement(DefaultElementLocator.java:69)
t	at org.openqa.selenium.support.pagefactory.internal.LocatingElementHandler.invoke(LocatingElementHandler.java:38)
8	at com.sun.proxy.$Proxy22.isDisplayed(Unknown Source)
e	at org.openqa.selenium.support.ui.ExpectedConditions.elementIfVisible(ExpectedConditions.java:302)
^	at org.openqa.selenium.support.ui.ExpectedConditions.access$100(ExpectedConditions.java:44)
]	at org.openqa.selenium.support.ui.ExpectedConditions$10.apply(ExpectedConditions.java:288)
]	at org.openqa.selenium.support.ui.ExpectedConditions$10.apply(ExpectedConditions.java:285)
J	at org.openqa.selenium.support.ui.FluentWait.until(FluentWait.java:209)
	... 70 more
[0m
◊      [31morg.openqa.selenium.TimeoutException: Expected condition failed: waiting for visibility of Proxy element for: DefaultElementLocator 'By.id: Login' (tried for 20 second(s) with 500 MILLISECONDS interval)
`      	at org.openqa.selenium.support.ui.WebDriverWait.timeoutException(WebDriverWait.java:80)
P      	at org.openqa.selenium.support.ui.FluentWait.until(FluentWait.java:232)
_      	at com.jalasoft.sfdc.ui.pages.LoginPage.waitUntilPageObjectIsLoaded(LoginPage.java:35)
B      	at com.jalasoft.sfdc.ui.BasePage.<init>(BasePage.java:38)
J      	at com.jalasoft.sfdc.ui.pages.LoginPage.<init>(LoginPage.java:16)
K      	at com.jalasoft.sfdc.ui.components.TopMenu.logout(TopMenu.java:22)
V      	at com.jalasoft.sfdc.steps.LoginSteps.afterLoginScenario(LoginSteps.java:132)
G      	at sun.reflect.NativeMethodAccessorImpl.invoke0(Native Method)
Y      	at sun.reflect.NativeMethodAccessorImpl.invoke(NativeMethodAccessorImpl.java:62)
a      	at sun.reflect.DelegatingMethodAccessorImpl.invoke(DelegatingMethodAccessorImpl.java:43)
<      	at java.lang.reflect.Method.invoke(Method.java:498)
8      	at cucumber.runtime.Utils$1.call(Utils.java:40)
=      	at cucumber.runtime.Timeout.timeout(Timeout.java:16)
8      	at cucumber.runtime.Utils.invoke(Utils.java:34)
X      	at cucumber.runtime.java.JavaHookDefinition.execute(JavaHookDefinition.java:60)
I      	at cucumber.runtime.Runtime.runHookIfTagsMatch(Runtime.java:224)
?      	at cucumber.runtime.Runtime.runHooks(Runtime.java:212)
D      	at cucumber.runtime.Runtime.runAfterHooks(Runtime.java:206)
Q      	at cucumber.runtime.model.CucumberScenario.run(CucumberScenario.java:46)
_      	at cucumber.runtime.model.CucumberScenarioOutline.run(CucumberScenarioOutline.java:46)
P      	at cucumber.runtime.model.CucumberFeature.run(CucumberFeature.java:165)
^      	at cucumber.api.testng.TestNGCucumberRunner.runCucumber(TestNGCucumberRunner.java:63)
h      	at cucumber.api.testng.AbstractTestNGCucumberTests.feature(AbstractTestNGCucumberTests.java:21)
G      	at sun.reflect.NativeMethodAccessorImpl.invoke0(Native Method)
Y      	at sun.reflect.NativeMethodAccessorImpl.invoke(NativeMethodAccessorImpl.java:62)
a      	at sun.reflect.DelegatingMethodAccessorImpl.invoke(DelegatingMethodAccessorImpl.java:43)
<      	at java.lang.reflect.Method.invoke(Method.java:498)
c      	at org.testng.internal.MethodInvocationHelper.invokeMethod(MethodInvocationHelper.java:86)
F      	at org.testng.internal.Invoker.invokeMethod(Invoker.java:643)
J      	at org.testng.internal.Invoker.invokeTestMethod(Invoker.java:820)
L      	at org.testng.internal.Invoker.invokeTestMethods(Invoker.java:1128)
]      	at org.testng.internal.TestMethodWorker.invokeTestMethods(TestMethodWorker.java:129)
O      	at org.testng.internal.TestMethodWorker.run(TestMethodWorker.java:112)
A      	at org.testng.TestRunner.privateRun(TestRunner.java:782)
:      	at org.testng.TestRunner.run(TestRunner.java:632)
@      	at org.testng.SuiteRunner.runTest(SuiteRunner.java:366)
H      	at org.testng.SuiteRunner.runSequentially(SuiteRunner.java:361)
C      	at org.testng.SuiteRunner.privateRun(SuiteRunner.java:319)
<      	at org.testng.SuiteRunner.run(SuiteRunner.java:268)
L      	at org.testng.SuiteRunnerWorker.runSuite(SuiteRunnerWorker.java:52)
G      	at org.testng.SuiteRunnerWorker.run(SuiteRunnerWorker.java:86)
E      	at org.testng.TestNG.runSuitesSequentially(TestNG.java:1244)
@      	at org.testng.TestNG.runSuitesLocally(TestNG.java:1169)
3      	at org.testng.TestNG.run(TestNG.java:1064)
}      	at org.gradle.api.internal.tasks.testing.testng.TestNGTestClassProcessor.runTests(TestNGTestClassProcessor.java:139)
x      	at org.gradle.api.internal.tasks.testing.testng.TestNGTestClassProcessor.stop(TestNGTestClassProcessor.java:89)
o      	at org.gradle.api.internal.tasks.testing.SuiteTestClassProcessor.stop(SuiteTestClassProcessor.java:61)
G      	at sun.reflect.NativeMethodAccessorImpl.invoke0(Native Method)
Y      	at sun.reflect.NativeMethodAccessorImpl.invoke(NativeMethodAccessorImpl.java:62)
a      	at sun.reflect.DelegatingMethodAccessorImpl.invoke(DelegatingMethodAccessorImpl.java:43)
<      	at java.lang.reflect.Method.invoke(Method.java:498)
`      	at org.gradle.internal.dispatch.ReflectionDispatch.dispatch(ReflectionDispatch.java:35)
`      	at org.gradle.internal.dispatch.ReflectionDispatch.dispatch(ReflectionDispatch.java:24)
p      	at org.gradle.internal.dispatch.ContextClassLoaderDispatch.dispatch(ContextClassLoaderDispatch.java:32)
      	at org.gradle.internal.dispatch.ProxyDispatchAdapter$DispatchingInvocationHandler.invoke(ProxyDispatchAdapter.java:93)
6      	at com.sun.proxy.$Proxy1.stop(Unknown Source)
]      	at org.gradle.api.internal.tasks.testing.worker.TestWorker.stop(TestWorker.java:123)
G      	at sun.reflect.NativeMethodAccessorImpl.invoke0(Native Method)
Y      	at sun.reflect.NativeMethodAccessorImpl.invoke(NativeMethodAccessorImpl.java:62)
a      	at sun.reflect.DelegatingMethodAccessorImpl.invoke(DelegatingMethodAccessorImpl.java:43)
<      	at java.lang.reflect.Method.invoke(Method.java:498)
`      	at org.gradle.internal.dispatch.ReflectionDispatch.dispatch(ReflectionDispatch.java:35)
`      	at org.gradle.internal.dispatch.ReflectionDispatch.dispatch(ReflectionDispatch.java:24)
ò      	at org.gradle.internal.remote.internal.hub.MessageHubBackedObjectConnection$DispatchWrapper.dispatch(MessageHubBackedObjectConnection.java:155)
ò      	at org.gradle.internal.remote.internal.hub.MessageHubBackedObjectConnection$DispatchWrapper.dispatch(MessageHubBackedObjectConnection.java:137)
_      	at org.gradle.internal.remote.internal.hub.MessageHub$Handler.run(MessageHub.java:404)
r      	at org.gradle.internal.concurrent.ExecutorPolicy$CatchAndRecordFailures.onExecute(ExecutorPolicy.java:63)
a      	at org.gradle.internal.concurrent.ManagedExecutorImpl$1.run(ManagedExecutorImpl.java:46)
[      	at java.util.concurrent.ThreadPoolExecutor.runWorker(ThreadPoolExecutor.java:1149)
[      	at java.util.concurrent.ThreadPoolExecutor$Worker.run(ThreadPoolExecutor.java:624)
q      	at org.gradle.internal.concurrent.ThreadFactoryImpl$ManagedThreadRunnable.run(ThreadFactoryImpl.java:55)
1      	at java.lang.Thread.run(Thread.java:748)
ã      Caused by: org.openqa.selenium.NoSuchElementException: no such element: Unable to locate element: {"method":"id","selector":"Login"}
-        (Session info: chrome=68.0.3440.106)
¬        (Driver info: chromedriver=2.41.578737 (49da6702b16031c40d63e5618de03a32ff6c197e),platform=Windows NT 10.0.14393 x86_64) (WARNING: The server did not provide any stacktrace information)
2      Command duration or timeout: 0 milliseconds
k      For documentation on this error, please visit: http://seleniumhq.org/exceptions/no_such_element.html
]      Build info: version: '3.5.3', revision: 'a88d25fe6b', time: '2017-08-29T12:42:44.417Z'
ò      System info: host: 'CODING1', ip: '10.28.138.80', os.name: 'Windows Server 2016', os.arch: 'amd64', os.version: '10.0', java.version: '1.8.0_171'
;      Driver info: org.openqa.selenium.chrome.ChromeDriver
∫      Capabilities [{mobileEmulationEnabled=false, hasTouchScreen=false, platform=XP, acceptSslCerts=false, goog:chromeOptions={debuggerAddress=localhost:59548}, acceptInsecureCerts=false, webStorageEnabled=true, browserName=chrome, takesScreenshot=true, javascriptEnabled=true, platformName=XP, setWindowRect=true, unexpectedAlertBehaviour=, applicationCacheEnabled=false, rotatable=false, networkConnectionEnabled=false, chrome={chromedriverVersion=2.41.578737 (49da6702b16031c40d63e5618de03a32ff6c197e), userDataDir=C:\Users\Admin\AppData\Local\Temp\2\scoped_dir10576_7903}, takesHeapSnapshot=true, unhandledPromptBehavior=, pageLoadStrategy=normal, databaseEnabled=false, handlesAlerts=true, version=68.0.3440.106, browserConnectionEnabled=false, nativeEvents=true, locationContextEnabled=true, cssSelectorsEnabled=true}]
3      Session ID: b01b885e410ec77277fd4184b79a4631
1      *** Element info: {Using=id, value=Login}
Q      	at sun.reflect.NativeConstructorAccessorImpl.newInstance0(Native Method)
h      	at sun.reflect.NativeConstructorAccessorImpl.newInstance(NativeConstructorAccessorImpl.java:62)
p      	at sun.reflect.DelegatingConstructorAccessorImpl.newInstance(DelegatingConstructorAccessorImpl.java:45)
K      	at java.lang.reflect.Constructor.newInstance(Constructor.java:423)
Z      	at org.openqa.selenium.remote.ErrorHandler.createThrowable(ErrorHandler.java:215)
`      	at org.openqa.selenium.remote.ErrorHandler.throwIfResponseFailed(ErrorHandler.java:167)
q      	at org.openqa.selenium.remote.http.JsonHttpResponseCodec.reconstructValue(JsonHttpResponseCodec.java:40)
o      	at org.openqa.selenium.remote.http.AbstractHttpResponseCodec.decode(AbstractHttpResponseCodec.java:82)
o      	at org.openqa.selenium.remote.http.AbstractHttpResponseCodec.decode(AbstractHttpResponseCodec.java:45)
`      	at org.openqa.selenium.remote.HttpCommandExecutor.execute(HttpCommandExecutor.java:164)
k      	at org.openqa.selenium.remote.service.DriverCommandExecutor.execute(DriverCommandExecutor.java:82)
X      	at org.openqa.selenium.remote.RemoteWebDriver.execute(RemoteWebDriver.java:646)
\      	at org.openqa.selenium.remote.RemoteWebDriver.findElement(RemoteWebDriver.java:416)
`      	at org.openqa.selenium.remote.RemoteWebDriver.findElementById(RemoteWebDriver.java:462)
@      	at org.openqa.selenium.By$ById.findElement(By.java:218)
\      	at org.openqa.selenium.remote.RemoteWebDriver.findElement(RemoteWebDriver.java:408)
t      	at org.openqa.selenium.support.pagefactory.DefaultElementLocator.findElement(DefaultElementLocator.java:69)
z      	at org.openqa.selenium.support.pagefactory.internal.LocatingElementHandler.invoke(LocatingElementHandler.java:38)
>      	at com.sun.proxy.$Proxy22.isDisplayed(Unknown Source)
k      	at org.openqa.selenium.support.ui.ExpectedConditions.elementIfVisible(ExpectedConditions.java:302)
d      	at org.openqa.selenium.support.ui.ExpectedConditions.access$100(ExpectedConditions.java:44)
c      	at org.openqa.selenium.support.ui.ExpectedConditions$10.apply(ExpectedConditions.java:288)
c      	at org.openqa.selenium.support.ui.ExpectedConditions$10.apply(ExpectedConditions.java:285)
P      	at org.openqa.selenium.support.ui.FluentWait.until(FluentWait.java:209)
      	... 70 more
      [0m

  @Login @Logout @SmokeTest
o  Scenario Outline: Users should be able to login using valid credentials [90m# features/login.feature:15[0m
≥    [32mWhen [0m[32mI login as "[0m[32m[1mdaniels@estudent.com[0m[32m" with password "[0m[32m[1mblackmoon10[0m[32m"[0m    [90m# LoginSteps.login(String,String)[0m
ì    [31mThen [0m[31mI should login successfully[0m                                      [90m# LoginSteps.iShouldLoginSuccessfully(String)[0m
Ó      [31mcucumber.runtime.CucumberException: Arity mismatch: Step Definition 'com.jalasoft.sfdc.steps.LoginSteps.iShouldLoginSuccessfully(String) in file:/C:/Users/Admin/Desktop/proyecto%20GUI/AT-07-SalesForce/sfdc/build/classes/java/test/' with pattern [^I should login successfully$] is declared with 1 parameters. However, the gherkin step has 0 arguments []. 
.      Step: Then I should login successfully
\      	at cucumber.runtime.StepDefinitionMatch.arityMismatch(StepDefinitionMatch.java:102)
]      	at cucumber.runtime.StepDefinitionMatch.transformedArgs(StepDefinitionMatch.java:60)
U      	at cucumber.runtime.StepDefinitionMatch.runStep(StepDefinitionMatch.java:37)
>      	at cucumber.runtime.Runtime.runStep(Runtime.java:300)
O      	at cucumber.runtime.model.StepContainer.runStep(StepContainer.java:44)
P      	at cucumber.runtime.model.StepContainer.runSteps(StepContainer.java:39)
Q      	at cucumber.runtime.model.CucumberScenario.run(CucumberScenario.java:44)
_      	at cucumber.runtime.model.CucumberScenarioOutline.run(CucumberScenarioOutline.java:46)
P      	at cucumber.runtime.model.CucumberFeature.run(CucumberFeature.java:165)
^      	at cucumber.api.testng.TestNGCucumberRunner.runCucumber(TestNGCucumberRunner.java:63)
h      	at cucumber.api.testng.AbstractTestNGCucumberTests.feature(AbstractTestNGCucumberTests.java:21)
G      	at sun.reflect.NativeMethodAccessorImpl.invoke0(Native Method)
Y      	at sun.reflect.NativeMethodAccessorImpl.invoke(NativeMethodAccessorImpl.java:62)
a      	at sun.reflect.DelegatingMethodAccessorImpl.invoke(DelegatingMethodAccessorImpl.java:43)
<      	at java.lang.reflect.Method.invoke(Method.java:498)
c      	at org.testng.internal.MethodInvocationHelper.invokeMethod(MethodInvocationHelper.java:86)
F      	at org.testng.internal.Invoker.invokeMethod(Invoker.java:643)
J      	at org.testng.internal.Invoker.invokeTestMethod(Invoker.java:820)
L      	at org.testng.internal.Invoker.invokeTestMethods(Invoker.java:1128)
]      	at org.testng.internal.TestMethodWorker.invokeTestMethods(TestMethodWorker.java:129)
O      	at org.testng.internal.TestMethodWorker.run(TestMethodWorker.java:112)
A      	at org.testng.TestRunner.privateRun(TestRunner.java:782)
:      	at org.testng.TestRunner.run(TestRunner.java:632)
@      	at org.testng.SuiteRunner.runTest(SuiteRunner.java:366)
H      	at org.testng.SuiteRunner.runSequentially(SuiteRunner.java:361)
C      	at org.testng.SuiteRunner.privateRun(SuiteRunner.java:319)
<      	at org.testng.SuiteRunner.run(SuiteRunner.java:268)
L      	at org.testng.SuiteRunnerWorker.runSuite(SuiteRunnerWorker.java:52)
G      	at org.testng.SuiteRunnerWorker.run(SuiteRunnerWorker.java:86)
E      	at org.testng.TestNG.runSuitesSequentially(TestNG.java:1244)
@      	at org.testng.TestNG.runSuitesLocally(TestNG.java:1169)
3      	at org.testng.TestNG.run(TestNG.java:1064)
}      	at org.gradle.api.internal.tasks.testing.testng.TestNGTestClassProcessor.runTests(TestNGTestClassProcessor.java:139)
x      	at org.gradle.api.internal.tasks.testing.testng.TestNGTestClassProcessor.stop(TestNGTestClassProcessor.java:89)
o      	at org.gradle.api.internal.tasks.testing.SuiteTestClassProcessor.stop(SuiteTestClassProcessor.java:61)
G      	at sun.reflect.NativeMethodAccessorImpl.invoke0(Native Method)
Y      	at sun.reflect.NativeMethodAccessorImpl.invoke(NativeMethodAccessorImpl.java:62)
a      	at sun.reflect.DelegatingMethodAccessorImpl.invoke(DelegatingMethodAccessorImpl.java:43)
<      	at java.lang.reflect.Method.invoke(Method.java:498)
`      	at org.gradle.internal.dispatch.ReflectionDispatch.dispatch(ReflectionDispatch.java:35)
`      	at org.gradle.internal.dispatch.ReflectionDispatch.dispatch(ReflectionDispatch.java:24)
p      	at org.gradle.internal.dispatch.ContextClassLoaderDispatch.dispatch(ContextClassLoaderDispatch.java:32)
      	at org.gradle.internal.dispatch.ProxyDispatchAdapter$DispatchingInvocationHandler.invoke(ProxyDispatchAdapter.java:93)
6      	at com.sun.proxy.$Proxy1.stop(Unknown Source)
]      	at org.gradle.api.internal.tasks.testing.worker.TestWorker.stop(TestWorker.java:123)
G      	at sun.reflect.NativeMethodAccessorImpl.invoke0(Native Method)
Y      	at sun.reflect.NativeMethodAccessorImpl.invoke(NativeMethodAccessorImpl.java:62)
a      	at sun.reflect.DelegatingMethodAccessorImpl.invoke(DelegatingMethodAccessorImpl.java:43)
<      	at java.lang.reflect.Method.invoke(Method.java:498)
`      	at org.gradle.internal.dispatch.ReflectionDispatch.dispatch(ReflectionDispatch.java:35)
`      	at org.gradle.internal.dispatch.ReflectionDispatch.dispatch(ReflectionDispatch.java:24)
ò      	at org.gradle.internal.remote.internal.hub.MessageHubBackedObjectConnection$DispatchWrapper.dispatch(MessageHubBackedObjectConnection.java:155)
ò      	at org.gradle.internal.remote.internal.hub.MessageHubBackedObjectConnection$DispatchWrapper.dispatch(MessageHubBackedObjectConnection.java:137)
_      	at org.gradle.internal.remote.internal.hub.MessageHub$Handler.run(MessageHub.java:404)
r      	at org.gradle.internal.concurrent.ExecutorPolicy$CatchAndRecordFailures.onExecute(ExecutorPolicy.java:63)
a      	at org.gradle.internal.concurrent.ManagedExecutorImpl$1.run(ManagedExecutorImpl.java:46)
[      	at java.util.concurrent.ThreadPoolExecutor.runWorker(ThreadPoolExecutor.java:1149)
[      	at java.util.concurrent.ThreadPoolExecutor$Worker.run(ThreadPoolExecutor.java:624)
q      	at org.gradle.internal.concurrent.ThreadFactoryImpl$ManagedThreadRunnable.run(ThreadFactoryImpl.java:55)
1      	at java.lang.Thread.run(Thread.java:748)
      [0m

  @SmokeTest @Logout
u  Scenario Outline: Users should not be able to login using invalid credentials [90m# features/login.feature:18[0m
O    [36mWhen [0m[36mI login as "<User Name>" with password "<Password>"[0m
G    [36mThen [0m[36mI should not login successfully "<Message>"[0m

    Examples: Short pass

G  Background:                      [90m# features/login.feature:5[0m
a    [32mGiven [0m[32mI navigate to Login page[0m [90m# LoginSteps.navigateToLoginPage()[0m
After hook @Login

  @Login @Logout @SmokeTest
ÿ  Scenario Outline: Users should not be able to login using invalid credentials                                                                                                    [90m# features/login.feature:24[0m
ú    [32mWhen [0m[32mI login as "[0m[32m[1mdaniels@estudent.com[0m[32m" with password "[0m[32m[1mCo84547[0m[32m"[0m                                                                                                                 [90m# LoginSteps.login(String,String)[0m
ò    [32mThen [0m[32mI should not login successfully "[0m[32m[1mCompruebe su nombre de usuario y contrase√±a. Si sigue sin poder iniciar sesi√≥n, p√≥ngase en contacto con su administrador de Salesforce.[0m[32m"[0m [90m# LoginSteps.iShouldNotLoginSuccessfully(String)[0m
